brailleime/build/intermediates/manifest_merge_blame_file/debug/manifest-merger-blame-debug-report.txt
1<?xml version="1.0" encoding="utf-8"?>
2<manifest xmlns:android="http://schemas.android.com/apk/res/android"
3    xmlns:tools="http://schemas.android.com/tools"
4    package="com.google.android.accessibility.brailleime" >
5
6    <uses-sdk
6-->src\main\AndroidManifest.xml:6:3-8:39
7        android:minSdkVersion="23"
7-->src\main\AndroidManifest.xml:7:7-33
8        android:targetSdkVersion="30" />
8-->src\main\AndroidManifest.xml:8:7-36
9
10    <!-- Required for haptic feedback. -->
11    <uses-permission android:name="android.permission.VIBRATE" />
11-->src\main\AndroidManifest.xml:11:3-64
11-->src\main\AndroidManifest.xml:11:20-61
12
13    <application>
13-->src\main\AndroidManifest.xml:13:3-51:17
14        <service
14-->src\main\AndroidManifest.xml:14:5-26:15
15            android:name="com.google.android.accessibility.brailleime.BrailleIme"
15-->src\main\AndroidManifest.xml:15:9-78
16            android:directBootAware="true"
16-->src\main\AndroidManifest.xml:18:9-39
17            android:enabled="false"
17-->src\main\AndroidManifest.xml:17:9-32
18            android:label="@string/braille_ime_service_name"
18-->src\main\AndroidManifest.xml:16:9-57
19            android:permission="android.permission.BIND_INPUT_METHOD" >
19-->src\main\AndroidManifest.xml:19:9-66
20            <intent-filter>
20-->src\main\AndroidManifest.xml:20:7-22:23
21                <action android:name="android.view.InputMethod" />
21-->src\main\AndroidManifest.xml:21:9-59
21-->src\main\AndroidManifest.xml:21:17-56
22            </intent-filter>
23
24            <meta-data
24-->src\main\AndroidManifest.xml:23:7-25:49
25                android:name="android.view.im"
25-->src\main\AndroidManifest.xml:24:11-41
26                android:resource="@xml/braille_ime" />
26-->src\main\AndroidManifest.xml:25:11-46
27        </service>
28
29        <activity
29-->src\main\AndroidManifest.xml:27:5-41:16
30            android:name="com.google.android.accessibility.brailleime.settings.BrailleImePreferencesActivity"
30-->src\main\AndroidManifest.xml:28:9-106
31            android:configChanges="orientation|screenSize"
31-->src\main\AndroidManifest.xml:29:9-55
32            android:exported="true"
32-->src\main\AndroidManifest.xml:30:9-32
33            android:label="@string/braille_keyboard"
33-->src\main\AndroidManifest.xml:31:9-49
34            android:launchMode="singleTop"
34-->src\main\AndroidManifest.xml:32:9-39
35            android:taskAffinity="com.google.android.accessibility.talkback.SettingsAffinity"
35-->src\main\AndroidManifest.xml:33:9-90
36            android:theme="@style/SettingsTheme"
36-->src\main\AndroidManifest.xml:34:9-45
37            tools:ignore="ExportedActivity" >
37-->src\main\AndroidManifest.xml:35:9-40
38            <intent-filter>
38-->src\main\AndroidManifest.xml:37:7-40:23
39                <action android:name=".BrailleImePreferencesActivity" />
39-->src\main\AndroidManifest.xml:38:9-65
39-->src\main\AndroidManifest.xml:38:17-62
40
41                <category android:name="android.intent.category.DEFAULT" />
41-->src\main\AndroidManifest.xml:39:9-68
41-->src\main\AndroidManifest.xml:39:19-65
42            </intent-filter>
43        </activity>
44
45        <receiver
45-->src\main\AndroidManifest.xml:43:5-49:16
46            android:name="com.google.android.accessibility.brailleime.MyPackageReplacedReceiver"
46-->src\main\AndroidManifest.xml:43:15-56
47            android:enabled="true"
47-->src\main\AndroidManifest.xml:44:9-31
48            android:exported="true" >
48-->src\main\AndroidManifest.xml:45:9-32
49            <intent-filter>
49-->src\main\AndroidManifest.xml:46:7-48:23
50                <action android:name="android.intent.action.MY_PACKAGE_REPLACED" />
50-->src\main\AndroidManifest.xml:47:9-76
50-->src\main\AndroidManifest.xml:47:17-73
51            </intent-filter>
52        </receiver>
53    </application>
54
55</manifest>